{"C:\\Users\\kk744\\AI_BLockchain\\backend\\services\\healthScore.js": {"path":"C:\\Users\\kk744\\AI_BLockchain\\backend\\services\\healthScore.js","statementMap":{"0":{"start":{"line":12,"column":2},"end":{"line":14,"column":3}},"1":{"start":{"line":13,"column":4},"end":{"line":13,"column":96}},"2":{"start":{"line":16,"column":14},"end":{"line":16,"column":17}},"3":{"start":{"line":17,"column":19},"end":{"line":17,"column":21}},"4":{"start":{"line":19,"column":21},"end":{"line":19,"column":68}},"5":{"start":{"line":22,"column":2},"end":{"line":29,"column":3}},"6":{"start":{"line":23,"column":25},"end":{"line":23,"column":58}},"7":{"start":{"line":24,"column":4},"end":{"line":28,"column":5}},"8":{"start":{"line":25,"column":22},"end":{"line":25,"column":70}},"9":{"start":{"line":26,"column":6},"end":{"line":26,"column":23}},"10":{"start":{"line":27,"column":6},"end":{"line":27,"column":82}},"11":{"start":{"line":32,"column":2},"end":{"line":37,"column":3}},"12":{"start":{"line":33,"column":4},"end":{"line":33,"column":16}},"13":{"start":{"line":34,"column":4},"end":{"line":34,"column":71}},"14":{"start":{"line":36,"column":4},"end":{"line":36,"column":61}},"15":{"start":{"line":39,"column":15},"end":{"line":39,"column":26}},"16":{"start":{"line":40,"column":2},"end":{"line":40,"column":38}},"17":{"start":{"line":40,"column":18},"end":{"line":40,"column":38}},"18":{"start":{"line":41,"column":2},"end":{"line":41,"column":34}},"19":{"start":{"line":41,"column":18},"end":{"line":41,"column":34}},"20":{"start":{"line":43,"column":2},"end":{"line":43,"column":57}},"21":{"start":{"line":46,"column":0},"end":{"line":46,"column":36}}},"fnMap":{"0":{"name":"getHealthScore","decl":{"start":{"line":11,"column":9},"end":{"line":11,"column":23}},"loc":{"start":{"line":11,"column":33},"end":{"line":44,"column":1}},"line":11}},"branchMap":{"0":{"loc":{"start":{"line":12,"column":2},"end":{"line":14,"column":3}},"type":"if","locations":[{"start":{"line":12,"column":2},"end":{"line":14,"column":3}},{"start":{},"end":{}}],"line":12},"1":{"loc":{"start":{"line":12,"column":6},"end":{"line":12,"column":110}},"type":"binary-expr","locations":[{"start":{"line":12,"column":6},"end":{"line":12,"column":14}},{"start":{"line":12,"column":18},"end":{"line":12,"column":45}},{"start":{"line":12,"column":49},"end":{"line":12,"column":84}},{"start":{"line":12,"column":88},"end":{"line":12,"column":110}}],"line":12},"2":{"loc":{"start":{"line":19,"column":42},"end":{"line":19,"column":67}},"type":"binary-expr","locations":[{"start":{"line":19,"column":42},"end":{"line":19,"column":62}},{"start":{"line":19,"column":66},"end":{"line":19,"column":67}}],"line":19},"3":{"loc":{"start":{"line":22,"column":2},"end":{"line":29,"column":3}},"type":"if","locations":[{"start":{"line":22,"column":2},"end":{"line":29,"column":3}},{"start":{},"end":{}}],"line":22},"4":{"loc":{"start":{"line":22,"column":6},"end":{"line":22,"column":89}},"type":"binary-expr","locations":[{"start":{"line":22,"column":6},"end":{"line":22,"column":20}},{"start":{"line":22,"column":24},"end":{"line":22,"column":61}},{"start":{"line":22,"column":65},"end":{"line":22,"column":89}}],"line":22},"5":{"loc":{"start":{"line":24,"column":4},"end":{"line":28,"column":5}},"type":"if","locations":[{"start":{"line":24,"column":4},"end":{"line":28,"column":5}},{"start":{},"end":{}}],"line":24},"6":{"loc":{"start":{"line":32,"column":2},"end":{"line":37,"column":3}},"type":"if","locations":[{"start":{"line":32,"column":2},"end":{"line":37,"column":3}},{"start":{"line":35,"column":9},"end":{"line":37,"column":3}}],"line":32},"7":{"loc":{"start":{"line":40,"column":2},"end":{"line":40,"column":38}},"type":"if","locations":[{"start":{"line":40,"column":2},"end":{"line":40,"column":38}},{"start":{},"end":{}}],"line":40},"8":{"loc":{"start":{"line":41,"column":2},"end":{"line":41,"column":34}},"type":"if","locations":[{"start":{"line":41,"column":2},"end":{"line":41,"column":34}},{"start":{},"end":{}}],"line":41}},"s":{"0":4,"1":1,"2":3,"3":3,"4":3,"5":3,"6":1,"7":1,"8":1,"9":1,"10":1,"11":3,"12":1,"13":1,"14":2,"15":3,"16":3,"17":0,"18":3,"19":0,"20":3,"21":1},"f":{"0":4},"b":{"0":[1,3],"1":[4,4,4,4],"2":[3,0],"3":[1,2],"4":[3,3,3],"5":[1,0],"6":[1,2],"7":[0,3],"8":[0,3]},"_coverageSchema":"1a1c01bbd47fc00a2c39e90264f33305004495a9","hash":"9696d8f0946b619e4de74298ef869e2afddfbbed"}
,"C:\\Users\\kk744\\AI_BLockchain\\backend\\services\\riskAnalyzer.js": {"path":"C:\\Users\\kk744\\AI_BLockchain\\backend\\services\\riskAnalyzer.js","statementMap":{"0":{"start":{"line":9,"column":2},"end":{"line":16,"column":3}},"1":{"start":{"line":10,"column":4},"end":{"line":15,"column":6}},"2":{"start":{"line":18,"column":32},"end":{"line":18,"column":33}},"3":{"start":{"line":20,"column":2},"end":{"line":37,"column":3}},"4":{"start":{"line":21,"column":4},"end":{"line":36,"column":5}},"5":{"start":{"line":22,"column":32},"end":{"line":22,"column":41}},"6":{"start":{"line":24,"column":6},"end":{"line":32,"column":7}},"7":{"start":{"line":25,"column":8},"end":{"line":31,"column":9}},"8":{"start":{"line":26,"column":10},"end":{"line":30,"column":11}},"9":{"start":{"line":27,"column":12},"end":{"line":29,"column":13}},"10":{"start":{"line":28,"column":14},"end":{"line":28,"column":54}},"11":{"start":{"line":33,"column":6},"end":{"line":33,"column":55}},"12":{"start":{"line":35,"column":6},"end":{"line":35,"column":69}},"13":{"start":{"line":39,"column":22},"end":{"line":39,"column":57}},"14":{"start":{"line":41,"column":15},"end":{"line":41,"column":23}},"15":{"start":{"line":42,"column":16},"end":{"line":42,"column":66}},"16":{"start":{"line":44,"column":2},"end":{"line":55,"column":3}},"17":{"start":{"line":45,"column":4},"end":{"line":54,"column":5}},"18":{"start":{"line":46,"column":6},"end":{"line":46,"column":26}},"19":{"start":{"line":47,"column":6},"end":{"line":47,"column":74}},"20":{"start":{"line":48,"column":11},"end":{"line":54,"column":5}},"21":{"start":{"line":49,"column":6},"end":{"line":49,"column":25}},"22":{"start":{"line":50,"column":6},"end":{"line":50,"column":64}},"23":{"start":{"line":52,"column":6},"end":{"line":52,"column":27}},"24":{"start":{"line":53,"column":6},"end":{"line":53,"column":81}},"25":{"start":{"line":57,"column":2},"end":{"line":62,"column":4}},"26":{"start":{"line":65,"column":0},"end":{"line":65,"column":35}}},"fnMap":{"0":{"name":"getRiskStatus","decl":{"start":{"line":8,"column":9},"end":{"line":8,"column":22}},"loc":{"start":{"line":8,"column":45},"end":{"line":63,"column":1}},"line":8}},"branchMap":{"0":{"loc":{"start":{"line":9,"column":2},"end":{"line":16,"column":3}},"type":"if","locations":[{"start":{"line":9,"column":2},"end":{"line":16,"column":3}},{"start":{},"end":{}}],"line":9},"1":{"loc":{"start":{"line":9,"column":6},"end":{"line":9,"column":51}},"type":"binary-expr","locations":[{"start":{"line":9,"column":6},"end":{"line":9,"column":33}},{"start":{"line":9,"column":37},"end":{"line":9,"column":51}}],"line":9},"2":{"loc":{"start":{"line":20,"column":2},"end":{"line":37,"column":3}},"type":"if","locations":[{"start":{"line":20,"column":2},"end":{"line":37,"column":3}},{"start":{},"end":{}}],"line":20},"3":{"loc":{"start":{"line":20,"column":6},"end":{"line":20,"column":54}},"type":"binary-expr","locations":[{"start":{"line":20,"column":6},"end":{"line":20,"column":30}},{"start":{"line":20,"column":34},"end":{"line":20,"column":54}}],"line":20},"4":{"loc":{"start":{"line":25,"column":8},"end":{"line":31,"column":9}},"type":"if","locations":[{"start":{"line":25,"column":8},"end":{"line":31,"column":9}},{"start":{},"end":{}}],"line":25},"5":{"loc":{"start":{"line":25,"column":12},"end":{"line":25,"column":63}},"type":"binary-expr","locations":[{"start":{"line":25,"column":12},"end":{"line":25,"column":23}},{"start":{"line":25,"column":27},"end":{"line":25,"column":63}}],"line":25},"6":{"loc":{"start":{"line":27,"column":12},"end":{"line":29,"column":13}},"type":"if","locations":[{"start":{"line":27,"column":12},"end":{"line":29,"column":13}},{"start":{},"end":{}}],"line":27},"7":{"loc":{"start":{"line":27,"column":16},"end":{"line":27,"column":60}},"type":"binary-expr","locations":[{"start":{"line":27,"column":16},"end":{"line":27,"column":23}},{"start":{"line":27,"column":27},"end":{"line":27,"column":60}}],"line":27},"8":{"loc":{"start":{"line":44,"column":2},"end":{"line":55,"column":3}},"type":"if","locations":[{"start":{"line":44,"column":2},"end":{"line":55,"column":3}},{"start":{},"end":{}}],"line":44},"9":{"loc":{"start":{"line":45,"column":4},"end":{"line":54,"column":5}},"type":"if","locations":[{"start":{"line":45,"column":4},"end":{"line":54,"column":5}},{"start":{"line":48,"column":11},"end":{"line":54,"column":5}}],"line":45},"10":{"loc":{"start":{"line":48,"column":11},"end":{"line":54,"column":5}},"type":"if","locations":[{"start":{"line":48,"column":11},"end":{"line":54,"column":5}},{"start":{"line":51,"column":11},"end":{"line":54,"column":5}}],"line":48}},"s":{"0":3,"1":1,"2":2,"3":2,"4":2,"5":2,"6":2,"7":5,"8":3,"9":5,"10":5,"11":2,"12":0,"13":2,"14":2,"15":2,"16":2,"17":2,"18":2,"19":2,"20":0,"21":0,"22":0,"23":0,"24":0,"25":2,"26":1},"f":{"0":3},"b":{"0":[1,2],"1":[3,3],"2":[2,0],"3":[2,2],"4":[3,2],"5":[5,4],"6":[5,0],"7":[5,5],"8":[2,0],"9":[2,0],"10":[0,0]},"_coverageSchema":"1a1c01bbd47fc00a2c39e90264f33305004495a9","hash":"9a1883c9b5b82e0e168afa545a0c09f0ffc317e2"}
}
