TN:
SF:services\healthScore.js
FN:11,getHealthScore
FNF:1
FNH:1
FNDA:4,getHealthScore
DA:12,4
DA:13,1
DA:16,3
DA:17,3
DA:19,3
DA:22,3
DA:23,1
DA:24,1
DA:25,1
DA:26,1
DA:27,1
DA:32,3
DA:33,1
DA:34,1
DA:36,2
DA:39,3
DA:40,3
DA:41,3
DA:43,3
DA:46,1
LF:20
LH:20
BRDA:12,0,0,1
BRDA:12,0,1,3
BRDA:12,1,0,4
BRDA:12,1,1,4
BRDA:12,1,2,4
BRDA:12,1,3,4
BRDA:19,2,0,3
BRDA:19,2,1,0
BRDA:22,3,0,1
BRDA:22,3,1,2
BRDA:22,4,0,3
BRDA:22,4,1,3
BRDA:22,4,2,3
BRDA:24,5,0,1
BRDA:24,5,1,0
BRDA:32,6,0,1
BRDA:32,6,1,2
BRDA:40,7,0,0
BRDA:40,7,1,3
BRDA:41,8,0,0
BRDA:41,8,1,3
BRF:21
BRH:17
end_of_record
TN:
SF:services\riskAnalyzer.js
FN:8,getRiskStatus
FNF:1
FNH:1
FNDA:3,getRiskStatus
DA:9,3
DA:10,1
DA:18,2
DA:20,2
DA:21,2
DA:22,2
DA:24,2
DA:25,5
DA:26,3
DA:27,5
DA:28,5
DA:33,2
DA:35,0
DA:39,2
DA:41,2
DA:42,2
DA:44,2
DA:45,2
DA:46,2
DA:47,2
DA:48,0
DA:49,0
DA:50,0
DA:52,0
DA:53,0
DA:57,2
DA:65,1
LF:27
LH:21
BRDA:9,0,0,1
BRDA:9,0,1,2
BRDA:9,1,0,3
BRDA:9,1,1,3
BRDA:20,2,0,2
BRDA:20,2,1,0
BRDA:20,3,0,2
BRDA:20,3,1,2
BRDA:25,4,0,3
BRDA:25,4,1,2
BRDA:25,5,0,5
BRDA:25,5,1,4
BRDA:27,6,0,5
BRDA:27,6,1,0
BRDA:27,7,0,5
BRDA:27,7,1,5
BRDA:44,8,0,2
BRDA:44,8,1,0
BRDA:45,9,0,2
BRDA:45,9,1,0
BRDA:48,10,0,0
BRDA:48,10,1,0
BRF:22
BRH:16
end_of_record
